<?xml version='1.0'?>
<ns2:test-suite xmlns:ns2='urn:model.allure.qatools.yandex.ru' start='1629395564767' stop='1629395611003'>
    <name>favorite an event</name>
    <title>favorite an event</title>
    <test-cases>
        <test-case start='1629395573800' status='broken' stop='1629395593136'>
            <name>Upcoming Tile Community favorites &lt;></name>
            <title>Upcoming Tile Community favorites &lt;></title>
            <labels>
                <label name='language' value='javascript'/>
                <label name='framework' value='wdio'/>
                <label name='thread' value='0-0'/>
            </labels>
            <parameters>
                <parameter kind='argument' name='browser' value='chrome-92.0.4515.159'/>
            </parameters>
            <steps>
                <step start='1629395573806' status='passed' stop='1629395578038'>
                    <name>Given Upcoming Tile Community ::: url is opened</name>
                    <title>Given Upcoming Tile Community ::: url is opened</title>
                    <attachments/>
                    <steps/>
                </step>
                <step start='1629395578038' status='broken' stop='1629395593134'>
                    <name>When Upcoming Tile Community ::: user favorites</name>
                    <title>When Upcoming Tile Community ::: user favorites</title>
                    <attachments/>
                    <steps/>
                </step>
            </steps>
            <attachments/>
            <failure>
                <message>Error: Can't call click on element with selector "//gather-ah_-upcoming-events/descendant::button[@name="next"]" because element wasn't found</message>
                <stack-trace>Error: Can't call click on element with selector "//gather-ah_-upcoming-events/descendant::button[@name="next"]" because element wasn't found
                    at Object.implicitWait [as default] (C:\Users\AlyssaMcMillan\work\traction-rec-integrations\wdiorepo\run\node_modules\webdriverio\build\utils\implicitWait.js:34:19)
                    at Element.elementErrorHandlerCallbackFn (C:\Users\AlyssaMcMillan\work\traction-rec-integrations\wdiorepo\run\node_modules\webdriverio\build\middlewares.js:19:29)
                    at Element.wrapCommandFn (C:\Users\AlyssaMcMillan\work\traction-rec-integrations\wdiorepo\run\node_modules\@wdio\utils\build\shim.js:104:29)
                    at World.recurs (C:\Users\AlyssaMcMillan\work\traction-rec-integrations\wdiorepo\run\features\step-definitions\Favorites.js:150:25)
                    at World.executeAsync (C:\Users\AlyssaMcMillan\work\traction-rec-integrations\wdiorepo\run\node_modules\@wdio\utils\build\shim.js:285:16)
                    at World.testFrameworkFnWrapper (C:\Users\AlyssaMcMillan\work\traction-rec-integrations\wdiorepo\run\node_modules\@wdio\utils\build\test-framework\testFnWrapper.js:52:18)</stack-trace>
            </failure>
        </test-case>
        <test-case start='1629395593206' status='broken' stop='1629395610942'>
            <name>Upcoming Tile Community unfavorites &lt;></name>
            <title>Upcoming Tile Community unfavorites &lt;></title>
            <labels>
                <label name='language' value='javascript'/>
                <label name='framework' value='wdio'/>
                <label name='thread' value='0-0'/>
            </labels>
            <parameters>
                <parameter kind='argument' name='browser' value='chrome-92.0.4515.159'/>
            </parameters>
            <steps>
                <step start='1629395593206' status='passed' stop='1629395595833'>
                    <name>Given Upcoming Tile Community ::: url is opened</name>
                    <title>Given Upcoming Tile Community ::: url is opened</title>
                    <attachments/>
                    <steps/>
                </step>
                <step start='1629395595834' status='broken' stop='1629395610942'>
                    <name>When Upcoming Tile Community ::: user unfavorites</name>
                    <title>When Upcoming Tile Community ::: user unfavorites</title>
                    <attachments/>
                    <steps/>
                </step>
            </steps>
            <attachments/>
            <failure>
                <message>Error: Can't call click on element with selector "//gather-ah_-upcoming-events/descendant::button[@name="next"]" because element wasn't found</message>
                <stack-trace>Error: Can't call click on element with selector "//gather-ah_-upcoming-events/descendant::button[@name="next"]" because element wasn't found
                    at Object.implicitWait [as default] (C:\Users\AlyssaMcMillan\work\traction-rec-integrations\wdiorepo\run\node_modules\webdriverio\build\utils\implicitWait.js:34:19)
                    at Element.elementErrorHandlerCallbackFn (C:\Users\AlyssaMcMillan\work\traction-rec-integrations\wdiorepo\run\node_modules\webdriverio\build\middlewares.js:19:29)
                    at Element.wrapCommandFn (C:\Users\AlyssaMcMillan\work\traction-rec-integrations\wdiorepo\run\node_modules\@wdio\utils\build\shim.js:104:29)
                    at World.recurs (C:\Users\AlyssaMcMillan\work\traction-rec-integrations\wdiorepo\run\features\step-definitions\Favorites.js:150:25)
                    at World.executeAsync (C:\Users\AlyssaMcMillan\work\traction-rec-integrations\wdiorepo\run\node_modules\@wdio\utils\build\shim.js:285:16)
                    at World.testFrameworkFnWrapper (C:\Users\AlyssaMcMillan\work\traction-rec-integrations\wdiorepo\run\node_modules\@wdio\utils\build\test-framework\testFnWrapper.js:52:18)</stack-trace>
            </failure>
        </test-case>
    </test-cases>
</ns2:test-suite>